2021-01-09 11:41:11,750 [Worker-0: Loading available Gradle versions] INFO  o.e.b.c.i.u.g.PublishedGradleVersions - Gradle version information cache is up-to-date. Trying to read.
2021-01-09 11:51:06,948 [Worker-30: Enabling Maven Dependency Management] INFO  o.e.m.c.i.l.LifecycleMappingFactory - Using org.maven.ide.eclipse.wtp.WarLifecycleMapping lifecycle mapping for MavenProject: TP3-V2:TP3-V2:0.0.1-SNAPSHOT @ /Users/glennlouarn/Documents/Ecole/Ingénieur/A2_IMT/microservice/test tp3/TP3-V2/pom.xml.
2021-01-09 11:51:07,837 [Worker-6: Building] WARN  o.e.m.c.i.embedder.EclipseLogger - Using platform encoding (UTF-8 actually) to copy filtered resources, i.e. build is platform dependent!
2021-01-09 11:51:07,838 [Worker-6: Building] INFO  o.e.m.c.i.embedder.EclipseLogger - skip non existing resourceDirectory /Users/glennlouarn/Documents/Ecole/Ingénieur/A2_IMT/microservice/test tp3/TP3-V2/src/main/resources
2021-01-09 11:51:07,841 [Worker-6: Building] WARN  o.e.m.c.i.embedder.EclipseLogger - Using platform encoding (UTF-8 actually) to copy filtered resources, i.e. build is platform dependent!
2021-01-09 11:51:07,841 [Worker-6: Building] INFO  o.e.m.c.i.embedder.EclipseLogger - skip non existing resourceDirectory /Users/glennlouarn/Documents/Ecole/Ingénieur/A2_IMT/microservice/test tp3/TP3-V2/src/test/resources
2021-01-09 11:51:07,856 [Worker-30: Enabling Maven Dependency Management] INFO  o.e.m.j.i.AbstractJavaProjectConfigurator - Adding source folder /TP3-V2/src
2021-01-09 11:51:07,857 [Worker-30: Enabling Maven Dependency Management] INFO  o.e.m.j.i.AbstractJavaProjectConfigurator - Not adding source folder /TP3-V2/src/test/java because it overlaps with /TP3-V2/src
2021-01-09 11:51:08,095 [Worker-30: Enabling Maven Dependency Management] INFO  o.e.m.c.i.p.ProjectConfigurationManager - Update started
2021-01-09 11:51:08,329 [Worker-30: Enabling Maven Dependency Management] INFO  o.e.m.c.i.l.LifecycleMappingFactory - Using org.maven.ide.eclipse.wtp.WarLifecycleMapping lifecycle mapping for MavenProject: TP3-V2:TP3-V2:0.0.1-SNAPSHOT @ /Users/glennlouarn/Documents/Ecole/Ingénieur/A2_IMT/microservice/test tp3/TP3-V2/pom.xml.
2021-01-09 11:51:08,860 [Worker-30: Enabling Maven Dependency Management] INFO  o.e.m.j.i.AbstractJavaProjectConfigurator - Adding source folder /TP3-V2/src
2021-01-09 11:51:08,860 [Worker-30: Enabling Maven Dependency Management] INFO  o.e.m.j.i.AbstractJavaProjectConfigurator - Not adding source folder /TP3-V2/src/test/java because it overlaps with /TP3-V2/src
2021-01-09 11:51:08,991 [Worker-30: Enabling Maven Dependency Management] INFO  o.e.m.w.i.f.ResourceFilteringBuildParticipant - Cleaning filtered folder for TP3-V2
2021-01-09 11:51:08,999 [Worker-30: Enabling Maven Dependency Management] INFO  o.e.m.c.i.p.ProjectConfigurationManager - Update completed: 0 sec
2021-01-09 11:51:09,123 [Worker-15: Building] WARN  o.e.m.c.i.embedder.EclipseLogger - Using platform encoding (UTF-8 actually) to copy filtered resources, i.e. build is platform dependent!
2021-01-09 11:51:09,124 [Worker-15: Building] INFO  o.e.m.c.i.embedder.EclipseLogger - skip non existing resourceDirectory /Users/glennlouarn/Documents/Ecole/Ingénieur/A2_IMT/microservice/test tp3/TP3-V2/src/main/resources
2021-01-09 11:51:09,125 [Worker-15: Building] WARN  o.e.m.c.i.embedder.EclipseLogger - Using platform encoding (UTF-8 actually) to copy filtered resources, i.e. build is platform dependent!
2021-01-09 11:51:09,126 [Worker-15: Building] INFO  o.e.m.c.i.embedder.EclipseLogger - skip non existing resourceDirectory /Users/glennlouarn/Documents/Ecole/Ingénieur/A2_IMT/microservice/test tp3/TP3-V2/src/test/resources
2021-01-09 11:51:09,126 [Worker-15: Building] INFO  o.e.m.w.i.f.ResourceFilteringBuildParticipant - Changed resources require a complete clean of filtered resources of TP3-V2
2021-01-09 11:51:09,127 [Worker-15: Building] INFO  o.e.m.w.i.f.ResourceFilteringBuildParticipant - Executing resource filtering for TP3-V2
2021-01-09 11:51:09,138 [Worker-15: Building] WARN  o.e.m.c.i.embedder.EclipseLogger - Using platform encoding (UTF-8 actually) to copy filtered resources, i.e. build is platform dependent!
2021-01-09 11:52:31,088 [Worker-15: Building] INFO  o.e.m.c.i.l.LifecycleMappingFactory - Using org.maven.ide.eclipse.wtp.WarLifecycleMapping lifecycle mapping for MavenProject: TP3-V2:TP3-V2:0.0.1-SNAPSHOT @ /Users/glennlouarn/Documents/Ecole/Ingénieur/A2_IMT/microservice/test tp3/TP3-V2/pom.xml.
2021-01-09 11:52:31,654 [Worker-15: Building] WARN  o.e.m.c.i.embedder.EclipseLogger - Using platform encoding (UTF-8 actually) to copy filtered resources, i.e. build is platform dependent!
2021-01-09 11:52:31,654 [Worker-15: Building] INFO  o.e.m.c.i.embedder.EclipseLogger - skip non existing resourceDirectory /Users/glennlouarn/Documents/Ecole/Ingénieur/A2_IMT/microservice/test tp3/TP3-V2/src/main/resources
2021-01-09 11:52:31,656 [Worker-15: Building] WARN  o.e.m.c.i.embedder.EclipseLogger - Using platform encoding (UTF-8 actually) to copy filtered resources, i.e. build is platform dependent!
2021-01-09 11:52:31,656 [Worker-15: Building] INFO  o.e.m.c.i.embedder.EclipseLogger - skip non existing resourceDirectory /Users/glennlouarn/Documents/Ecole/Ingénieur/A2_IMT/microservice/test tp3/TP3-V2/src/test/resources
2021-01-09 11:52:31,656 [Worker-15: Building] INFO  o.e.m.w.i.f.ResourceFilteringBuildParticipant - Changed resources require a complete clean of filtered resources of TP3-V2
2021-01-09 11:52:31,656 [Worker-15: Building] INFO  o.e.m.w.i.f.ResourceFilteringBuildParticipant - Executing resource filtering for TP3-V2
2021-01-09 11:52:31,659 [Worker-15: Building] WARN  o.e.m.c.i.embedder.EclipseLogger - Using platform encoding (UTF-8 actually) to copy filtered resources, i.e. build is platform dependent!
2021-01-09 11:52:56,909 [Worker-33: Building] WARN  o.e.m.c.i.embedder.EclipseLogger - Using platform encoding (UTF-8 actually) to copy filtered resources, i.e. build is platform dependent!
2021-01-09 11:52:56,911 [Worker-33: Building] INFO  o.e.m.c.i.embedder.EclipseLogger - skip non existing resourceDirectory /Users/glennlouarn/Documents/Ecole/Ingénieur/A2_IMT/microservice/test tp3/TP3-V2/src/main/resources
2021-01-09 11:52:56,911 [Worker-33: Building] WARN  o.e.m.c.i.embedder.EclipseLogger - Using platform encoding (UTF-8 actually) to copy filtered resources, i.e. build is platform dependent!
2021-01-09 11:52:56,912 [Worker-33: Building] INFO  o.e.m.c.i.embedder.EclipseLogger - skip non existing resourceDirectory /Users/glennlouarn/Documents/Ecole/Ingénieur/A2_IMT/microservice/test tp3/TP3-V2/src/test/resources
2021-01-09 11:53:29,895 [Worker-33: Building] WARN  o.e.m.c.i.embedder.EclipseLogger - Using platform encoding (UTF-8 actually) to copy filtered resources, i.e. build is platform dependent!
2021-01-09 11:53:29,896 [Worker-33: Building] INFO  o.e.m.c.i.embedder.EclipseLogger - skip non existing resourceDirectory /Users/glennlouarn/Documents/Ecole/Ingénieur/A2_IMT/microservice/test tp3/TP3-V2/src/main/resources
2021-01-09 11:53:29,897 [Worker-33: Building] WARN  o.e.m.c.i.embedder.EclipseLogger - Using platform encoding (UTF-8 actually) to copy filtered resources, i.e. build is platform dependent!
2021-01-09 11:53:29,897 [Worker-33: Building] INFO  o.e.m.c.i.embedder.EclipseLogger - skip non existing resourceDirectory /Users/glennlouarn/Documents/Ecole/Ingénieur/A2_IMT/microservice/test tp3/TP3-V2/src/test/resources
2021-01-09 11:53:41,556 [Worker-29: Building] WARN  o.e.m.c.i.embedder.EclipseLogger - Using platform encoding (UTF-8 actually) to copy filtered resources, i.e. build is platform dependent!
2021-01-09 11:53:41,557 [Worker-29: Building] INFO  o.e.m.c.i.embedder.EclipseLogger - skip non existing resourceDirectory /Users/glennlouarn/Documents/Ecole/Ingénieur/A2_IMT/microservice/test tp3/TP3-V2/src/main/resources
2021-01-09 11:53:41,558 [Worker-29: Building] WARN  o.e.m.c.i.embedder.EclipseLogger - Using platform encoding (UTF-8 actually) to copy filtered resources, i.e. build is platform dependent!
2021-01-09 11:53:41,558 [Worker-29: Building] INFO  o.e.m.c.i.embedder.EclipseLogger - skip non existing resourceDirectory /Users/glennlouarn/Documents/Ecole/Ingénieur/A2_IMT/microservice/test tp3/TP3-V2/src/test/resources
2021-01-09 11:53:46,250 [Worker-15: Building] WARN  o.e.m.c.i.embedder.EclipseLogger - Using platform encoding (UTF-8 actually) to copy filtered resources, i.e. build is platform dependent!
2021-01-09 11:53:46,250 [Worker-15: Building] INFO  o.e.m.c.i.embedder.EclipseLogger - skip non existing resourceDirectory /Users/glennlouarn/Documents/Ecole/Ingénieur/A2_IMT/microservice/test tp3/TP3-V2/src/main/resources
2021-01-09 11:53:46,251 [Worker-15: Building] WARN  o.e.m.c.i.embedder.EclipseLogger - Using platform encoding (UTF-8 actually) to copy filtered resources, i.e. build is platform dependent!
2021-01-09 11:53:46,252 [Worker-15: Building] INFO  o.e.m.c.i.embedder.EclipseLogger - skip non existing resourceDirectory /Users/glennlouarn/Documents/Ecole/Ingénieur/A2_IMT/microservice/test tp3/TP3-V2/src/test/resources
2021-01-09 11:57:28,876 [Worker-30: Updating Maven Project] INFO  o.e.m.c.i.p.ProjectConfigurationManager - Update started
2021-01-09 11:57:29,113 [Worker-30: Updating Maven Project] INFO  o.e.m.c.i.l.LifecycleMappingFactory - Using org.maven.ide.eclipse.wtp.WarLifecycleMapping lifecycle mapping for MavenProject: TP3-V2:TP3-V2:0.0.1-SNAPSHOT @ /Users/glennlouarn/Documents/Ecole/Ingénieur/A2_IMT/microservice/test tp3/TP3-V2/pom.xml.
2021-01-09 11:57:29,648 [Worker-30: Updating Maven Project] INFO  o.e.m.j.i.AbstractJavaProjectConfigurator - Adding source folder /TP3-V2/src
2021-01-09 11:57:29,648 [Worker-30: Updating Maven Project] INFO  o.e.m.j.i.AbstractJavaProjectConfigurator - Not adding source folder /TP3-V2/src/test/java because it overlaps with /TP3-V2/src
2021-01-09 11:57:29,910 [Worker-30: Updating Maven Project] INFO  o.e.m.w.i.f.ResourceFilteringBuildParticipant - Cleaning filtered folder for TP3-V2
2021-01-09 11:57:29,913 [Worker-30: Updating Maven Project] INFO  o.e.m.c.i.p.ProjectConfigurationManager - Update completed: 1 sec
2021-01-09 11:57:30,398 [Worker-30: Building] WARN  o.e.m.c.i.embedder.EclipseLogger - Using platform encoding (UTF-8 actually) to copy filtered resources, i.e. build is platform dependent!
2021-01-09 11:57:30,399 [Worker-30: Building] INFO  o.e.m.c.i.embedder.EclipseLogger - skip non existing resourceDirectory /Users/glennlouarn/Documents/Ecole/Ingénieur/A2_IMT/microservice/test tp3/TP3-V2/src/main/resources
2021-01-09 11:57:30,401 [Worker-30: Building] WARN  o.e.m.c.i.embedder.EclipseLogger - Using platform encoding (UTF-8 actually) to copy filtered resources, i.e. build is platform dependent!
2021-01-09 11:57:30,402 [Worker-30: Building] INFO  o.e.m.c.i.embedder.EclipseLogger - skip non existing resourceDirectory /Users/glennlouarn/Documents/Ecole/Ingénieur/A2_IMT/microservice/test tp3/TP3-V2/src/test/resources
2021-01-09 11:57:30,402 [Worker-30: Building] INFO  o.e.m.w.i.f.ResourceFilteringBuildParticipant - Changed resources require a complete clean of filtered resources of TP3-V2
2021-01-09 11:57:30,403 [Worker-30: Building] INFO  o.e.m.w.i.f.ResourceFilteringBuildParticipant - Executing resource filtering for TP3-V2
2021-01-09 11:57:30,406 [Worker-30: Building] WARN  o.e.m.c.i.embedder.EclipseLogger - Using platform encoding (UTF-8 actually) to copy filtered resources, i.e. build is platform dependent!
2021-01-09 11:58:04,038 [Worker-38: Building] WARN  o.e.m.c.i.embedder.EclipseLogger - Using platform encoding (UTF-8 actually) to copy filtered resources, i.e. build is platform dependent!
2021-01-09 11:58:04,039 [Worker-38: Building] INFO  o.e.m.c.i.embedder.EclipseLogger - skip non existing resourceDirectory /Users/glennlouarn/Documents/Ecole/Ingénieur/A2_IMT/microservice/test tp3/TP3-V2/src/main/resources
2021-01-09 11:58:04,040 [Worker-38: Building] WARN  o.e.m.c.i.embedder.EclipseLogger - Using platform encoding (UTF-8 actually) to copy filtered resources, i.e. build is platform dependent!
2021-01-09 11:58:04,040 [Worker-38: Building] INFO  o.e.m.c.i.embedder.EclipseLogger - skip non existing resourceDirectory /Users/glennlouarn/Documents/Ecole/Ingénieur/A2_IMT/microservice/test tp3/TP3-V2/src/test/resources
2021-01-09 11:58:12,859 [Worker-38: Updating Maven Project] INFO  o.e.m.c.i.p.ProjectConfigurationManager - Update started
2021-01-09 11:58:13,060 [Worker-38: Updating Maven Project] INFO  o.e.m.c.i.l.LifecycleMappingFactory - Using org.maven.ide.eclipse.wtp.WarLifecycleMapping lifecycle mapping for MavenProject: TP3-V2:TP3-V2:0.0.1-SNAPSHOT @ /Users/glennlouarn/Documents/Ecole/Ingénieur/A2_IMT/microservice/test tp3/TP3-V2/pom.xml.
2021-01-09 11:58:13,572 [Worker-38: Updating Maven Project] INFO  o.e.m.j.i.AbstractJavaProjectConfigurator - Adding source folder /TP3-V2/src
2021-01-09 11:58:13,573 [Worker-38: Updating Maven Project] INFO  o.e.m.j.i.AbstractJavaProjectConfigurator - Not adding source folder /TP3-V2/src/test/java because it overlaps with /TP3-V2/src
2021-01-09 11:58:13,758 [Worker-38: Updating Maven Project] INFO  o.e.m.w.i.f.ResourceFilteringBuildParticipant - Cleaning filtered folder for TP3-V2
2021-01-09 11:58:13,763 [Worker-38: Updating Maven Project] INFO  o.e.m.c.i.p.ProjectConfigurationManager - Update completed: 0 sec
2021-01-09 11:58:14,175 [Worker-37: Building] WARN  o.e.m.c.i.embedder.EclipseLogger - Using platform encoding (UTF-8 actually) to copy filtered resources, i.e. build is platform dependent!
2021-01-09 11:58:14,176 [Worker-37: Building] INFO  o.e.m.c.i.embedder.EclipseLogger - skip non existing resourceDirectory /Users/glennlouarn/Documents/Ecole/Ingénieur/A2_IMT/microservice/test tp3/TP3-V2/src/main/resources
2021-01-09 11:58:14,177 [Worker-37: Building] WARN  o.e.m.c.i.embedder.EclipseLogger - Using platform encoding (UTF-8 actually) to copy filtered resources, i.e. build is platform dependent!
2021-01-09 11:58:14,178 [Worker-37: Building] INFO  o.e.m.c.i.embedder.EclipseLogger - skip non existing resourceDirectory /Users/glennlouarn/Documents/Ecole/Ingénieur/A2_IMT/microservice/test tp3/TP3-V2/src/test/resources
2021-01-09 11:58:14,178 [Worker-37: Building] INFO  o.e.m.w.i.f.ResourceFilteringBuildParticipant - Changed resources require a complete clean of filtered resources of TP3-V2
2021-01-09 11:58:14,178 [Worker-37: Building] INFO  o.e.m.w.i.f.ResourceFilteringBuildParticipant - Executing resource filtering for TP3-V2
2021-01-09 11:58:14,181 [Worker-37: Building] WARN  o.e.m.c.i.embedder.EclipseLogger - Using platform encoding (UTF-8 actually) to copy filtered resources, i.e. build is platform dependent!
2021-01-09 11:58:48,818 [Worker-39: Building] WARN  o.e.m.c.i.embedder.EclipseLogger - Using platform encoding (UTF-8 actually) to copy filtered resources, i.e. build is platform dependent!
2021-01-09 11:58:48,819 [Worker-39: Building] INFO  o.e.m.c.i.embedder.EclipseLogger - skip non existing resourceDirectory /Users/glennlouarn/Documents/Ecole/Ingénieur/A2_IMT/microservice/test tp3/TP3-V2/src/main/resources
2021-01-09 11:58:48,820 [Worker-39: Building] WARN  o.e.m.c.i.embedder.EclipseLogger - Using platform encoding (UTF-8 actually) to copy filtered resources, i.e. build is platform dependent!
2021-01-09 11:58:48,820 [Worker-39: Building] INFO  o.e.m.c.i.embedder.EclipseLogger - skip non existing resourceDirectory /Users/glennlouarn/Documents/Ecole/Ingénieur/A2_IMT/microservice/test tp3/TP3-V2/src/test/resources
2021-01-09 21:53:42,733 [Worker-68: Building] WARN  o.e.m.c.i.embedder.EclipseLogger - Using platform encoding (UTF-8 actually) to copy filtered resources, i.e. build is platform dependent!
2021-01-09 21:53:42,747 [Worker-68: Building] INFO  o.e.m.c.i.embedder.EclipseLogger - skip non existing resourceDirectory /Users/glennlouarn/Documents/Ecole/Ingénieur/A2_IMT/microservice/test tp3/TP3-V2/src/main/resources
2021-01-09 21:53:42,749 [Worker-68: Building] WARN  o.e.m.c.i.embedder.EclipseLogger - Using platform encoding (UTF-8 actually) to copy filtered resources, i.e. build is platform dependent!
2021-01-09 21:53:42,749 [Worker-68: Building] INFO  o.e.m.c.i.embedder.EclipseLogger - skip non existing resourceDirectory /Users/glennlouarn/Documents/Ecole/Ingénieur/A2_IMT/microservice/test tp3/TP3-V2/src/test/resources
2021-01-11 13:38:53,534 [Worker-3: Loading available Gradle versions] INFO  o.e.b.c.i.u.g.PublishedGradleVersions - Gradle version information cache is out-of-date. Trying to update.
2021-01-11 13:40:36,530 [Worker-17: Building] WARN  o.e.m.c.i.embedder.EclipseLogger - Using platform encoding (UTF-8 actually) to copy filtered resources, i.e. build is platform dependent!
2021-01-11 13:40:36,531 [Worker-17: Building] INFO  o.e.m.c.i.embedder.EclipseLogger - skip non existing resourceDirectory /Users/glennlouarn/Documents/Ecole/Ingénieur/A2_IMT/microservice/test tp3/TP3-V2/src/main/resources
2021-01-11 13:40:36,533 [Worker-17: Building] WARN  o.e.m.c.i.embedder.EclipseLogger - Using platform encoding (UTF-8 actually) to copy filtered resources, i.e. build is platform dependent!
2021-01-11 13:40:36,535 [Worker-17: Building] INFO  o.e.m.c.i.embedder.EclipseLogger - skip non existing resourceDirectory /Users/glennlouarn/Documents/Ecole/Ingénieur/A2_IMT/microservice/test tp3/TP3-V2/src/test/resources
2021-01-11 14:22:12,177 [Worker-34: Building] WARN  o.e.m.c.i.embedder.EclipseLogger - Using platform encoding (UTF-8 actually) to copy filtered resources, i.e. build is platform dependent!
2021-01-11 14:22:12,178 [Worker-34: Building] INFO  o.e.m.c.i.embedder.EclipseLogger - skip non existing resourceDirectory /Users/glennlouarn/Documents/Ecole/Ingénieur/A2_IMT/microservice/test tp3/TP3-V2/src/main/resources
2021-01-11 14:22:12,179 [Worker-34: Building] WARN  o.e.m.c.i.embedder.EclipseLogger - Using platform encoding (UTF-8 actually) to copy filtered resources, i.e. build is platform dependent!
2021-01-11 14:22:12,180 [Worker-34: Building] INFO  o.e.m.c.i.embedder.EclipseLogger - skip non existing resourceDirectory /Users/glennlouarn/Documents/Ecole/Ingénieur/A2_IMT/microservice/test tp3/TP3-V2/src/test/resources
2021-01-11 14:25:33,754 [Worker-34: Building] WARN  o.e.m.c.i.embedder.EclipseLogger - Using platform encoding (UTF-8 actually) to copy filtered resources, i.e. build is platform dependent!
2021-01-11 14:25:33,758 [Worker-34: Building] INFO  o.e.m.c.i.embedder.EclipseLogger - skip non existing resourceDirectory /Users/glennlouarn/Documents/Ecole/Ingénieur/A2_IMT/microservice/test tp3/TP3-V2/src/main/resources
2021-01-11 14:25:33,759 [Worker-34: Building] WARN  o.e.m.c.i.embedder.EclipseLogger - Using platform encoding (UTF-8 actually) to copy filtered resources, i.e. build is platform dependent!
2021-01-11 14:25:33,760 [Worker-34: Building] INFO  o.e.m.c.i.embedder.EclipseLogger - skip non existing resourceDirectory /Users/glennlouarn/Documents/Ecole/Ingénieur/A2_IMT/microservice/test tp3/TP3-V2/src/test/resources
2021-01-11 14:27:04,040 [Worker-37: Building] WARN  o.e.m.c.i.embedder.EclipseLogger - Using platform encoding (UTF-8 actually) to copy filtered resources, i.e. build is platform dependent!
2021-01-11 14:27:04,041 [Worker-37: Building] INFO  o.e.m.c.i.embedder.EclipseLogger - skip non existing resourceDirectory /Users/glennlouarn/Documents/Ecole/Ingénieur/A2_IMT/microservice/test tp3/TP3-V2/src/main/resources
2021-01-11 14:27:04,042 [Worker-37: Building] WARN  o.e.m.c.i.embedder.EclipseLogger - Using platform encoding (UTF-8 actually) to copy filtered resources, i.e. build is platform dependent!
2021-01-11 14:27:04,042 [Worker-37: Building] INFO  o.e.m.c.i.embedder.EclipseLogger - skip non existing resourceDirectory /Users/glennlouarn/Documents/Ecole/Ingénieur/A2_IMT/microservice/test tp3/TP3-V2/src/test/resources
2021-01-11 14:27:25,466 [Worker-36: Building] WARN  o.e.m.c.i.embedder.EclipseLogger - Using platform encoding (UTF-8 actually) to copy filtered resources, i.e. build is platform dependent!
2021-01-11 14:27:25,467 [Worker-36: Building] INFO  o.e.m.c.i.embedder.EclipseLogger - skip non existing resourceDirectory /Users/glennlouarn/Documents/Ecole/Ingénieur/A2_IMT/microservice/test tp3/TP3-V2/src/main/resources
2021-01-11 14:27:25,468 [Worker-36: Building] WARN  o.e.m.c.i.embedder.EclipseLogger - Using platform encoding (UTF-8 actually) to copy filtered resources, i.e. build is platform dependent!
2021-01-11 14:27:25,468 [Worker-36: Building] INFO  o.e.m.c.i.embedder.EclipseLogger - skip non existing resourceDirectory /Users/glennlouarn/Documents/Ecole/Ingénieur/A2_IMT/microservice/test tp3/TP3-V2/src/test/resources
2021-01-11 14:29:00,743 [Worker-37: Building] WARN  o.e.m.c.i.embedder.EclipseLogger - Using platform encoding (UTF-8 actually) to copy filtered resources, i.e. build is platform dependent!
2021-01-11 14:29:00,744 [Worker-37: Building] INFO  o.e.m.c.i.embedder.EclipseLogger - skip non existing resourceDirectory /Users/glennlouarn/Documents/Ecole/Ingénieur/A2_IMT/microservice/test tp3/TP3-V2/src/main/resources
2021-01-11 14:29:00,745 [Worker-37: Building] WARN  o.e.m.c.i.embedder.EclipseLogger - Using platform encoding (UTF-8 actually) to copy filtered resources, i.e. build is platform dependent!
2021-01-11 14:29:00,746 [Worker-37: Building] INFO  o.e.m.c.i.embedder.EclipseLogger - skip non existing resourceDirectory /Users/glennlouarn/Documents/Ecole/Ingénieur/A2_IMT/microservice/test tp3/TP3-V2/src/test/resources
2021-01-11 14:32:06,601 [Worker-31: Building] WARN  o.e.m.c.i.embedder.EclipseLogger - Using platform encoding (UTF-8 actually) to copy filtered resources, i.e. build is platform dependent!
2021-01-11 14:32:06,601 [Worker-31: Building] INFO  o.e.m.c.i.embedder.EclipseLogger - skip non existing resourceDirectory /Users/glennlouarn/Documents/Ecole/Ingénieur/A2_IMT/microservice/test tp3/TP3-V2/src/main/resources
2021-01-11 14:32:06,602 [Worker-31: Building] WARN  o.e.m.c.i.embedder.EclipseLogger - Using platform encoding (UTF-8 actually) to copy filtered resources, i.e. build is platform dependent!
2021-01-11 14:32:06,603 [Worker-31: Building] INFO  o.e.m.c.i.embedder.EclipseLogger - skip non existing resourceDirectory /Users/glennlouarn/Documents/Ecole/Ingénieur/A2_IMT/microservice/test tp3/TP3-V2/src/test/resources
2021-01-11 14:35:03,024 [Worker-40: Building] WARN  o.e.m.c.i.embedder.EclipseLogger - Using platform encoding (UTF-8 actually) to copy filtered resources, i.e. build is platform dependent!
2021-01-11 14:35:03,025 [Worker-40: Building] INFO  o.e.m.c.i.embedder.EclipseLogger - skip non existing resourceDirectory /Users/glennlouarn/Documents/Ecole/Ingénieur/A2_IMT/microservice/test tp3/TP3-V2/src/main/resources
2021-01-11 14:35:03,027 [Worker-40: Building] WARN  o.e.m.c.i.embedder.EclipseLogger - Using platform encoding (UTF-8 actually) to copy filtered resources, i.e. build is platform dependent!
2021-01-11 14:35:03,027 [Worker-40: Building] INFO  o.e.m.c.i.embedder.EclipseLogger - skip non existing resourceDirectory /Users/glennlouarn/Documents/Ecole/Ingénieur/A2_IMT/microservice/test tp3/TP3-V2/src/test/resources
2021-01-11 14:35:08,320 [Worker-39: Building] WARN  o.e.m.c.i.embedder.EclipseLogger - Using platform encoding (UTF-8 actually) to copy filtered resources, i.e. build is platform dependent!
2021-01-11 14:35:08,321 [Worker-39: Building] INFO  o.e.m.c.i.embedder.EclipseLogger - skip non existing resourceDirectory /Users/glennlouarn/Documents/Ecole/Ingénieur/A2_IMT/microservice/test tp3/TP3-V2/src/main/resources
2021-01-11 14:35:08,322 [Worker-39: Building] WARN  o.e.m.c.i.embedder.EclipseLogger - Using platform encoding (UTF-8 actually) to copy filtered resources, i.e. build is platform dependent!
2021-01-11 14:35:08,323 [Worker-39: Building] INFO  o.e.m.c.i.embedder.EclipseLogger - skip non existing resourceDirectory /Users/glennlouarn/Documents/Ecole/Ingénieur/A2_IMT/microservice/test tp3/TP3-V2/src/test/resources
2021-01-11 14:53:10,103 [Worker-49: Building] WARN  o.e.m.c.i.embedder.EclipseLogger - Using platform encoding (UTF-8 actually) to copy filtered resources, i.e. build is platform dependent!
2021-01-11 14:53:10,104 [Worker-49: Building] INFO  o.e.m.c.i.embedder.EclipseLogger - skip non existing resourceDirectory /Users/glennlouarn/Documents/Ecole/Ingénieur/A2_IMT/microservice/test tp3/TP3-V2/src/main/resources
2021-01-11 14:53:10,105 [Worker-49: Building] WARN  o.e.m.c.i.embedder.EclipseLogger - Using platform encoding (UTF-8 actually) to copy filtered resources, i.e. build is platform dependent!
2021-01-11 14:53:10,106 [Worker-49: Building] INFO  o.e.m.c.i.embedder.EclipseLogger - skip non existing resourceDirectory /Users/glennlouarn/Documents/Ecole/Ingénieur/A2_IMT/microservice/test tp3/TP3-V2/src/test/resources
2021-01-11 15:02:18,834 [Worker-47: Building] WARN  o.e.m.c.i.embedder.EclipseLogger - Using platform encoding (UTF-8 actually) to copy filtered resources, i.e. build is platform dependent!
2021-01-11 15:02:18,835 [Worker-47: Building] INFO  o.e.m.c.i.embedder.EclipseLogger - skip non existing resourceDirectory /Users/glennlouarn/Documents/Ecole/Ingénieur/A2_IMT/microservice/test tp3/TP3-V2/src/main/resources
2021-01-11 15:02:18,836 [Worker-47: Building] WARN  o.e.m.c.i.embedder.EclipseLogger - Using platform encoding (UTF-8 actually) to copy filtered resources, i.e. build is platform dependent!
2021-01-11 15:02:18,837 [Worker-47: Building] INFO  o.e.m.c.i.embedder.EclipseLogger - skip non existing resourceDirectory /Users/glennlouarn/Documents/Ecole/Ingénieur/A2_IMT/microservice/test tp3/TP3-V2/src/test/resources
2021-01-11 15:18:09,631 [Worker-61: Building] WARN  o.e.m.c.i.embedder.EclipseLogger - Using platform encoding (UTF-8 actually) to copy filtered resources, i.e. build is platform dependent!
2021-01-11 15:18:09,633 [Worker-61: Building] INFO  o.e.m.c.i.embedder.EclipseLogger - skip non existing resourceDirectory /Users/glennlouarn/Documents/Ecole/Ingénieur/A2_IMT/microservice/test tp3/TP3-V2/src/main/resources
2021-01-11 15:18:09,634 [Worker-61: Building] WARN  o.e.m.c.i.embedder.EclipseLogger - Using platform encoding (UTF-8 actually) to copy filtered resources, i.e. build is platform dependent!
2021-01-11 15:18:09,634 [Worker-61: Building] INFO  o.e.m.c.i.embedder.EclipseLogger - skip non existing resourceDirectory /Users/glennlouarn/Documents/Ecole/Ingénieur/A2_IMT/microservice/test tp3/TP3-V2/src/test/resources
2021-01-11 15:20:37,726 [Worker-56: Building] WARN  o.e.m.c.i.embedder.EclipseLogger - Using platform encoding (UTF-8 actually) to copy filtered resources, i.e. build is platform dependent!
2021-01-11 15:20:37,728 [Worker-56: Building] INFO  o.e.m.c.i.embedder.EclipseLogger - skip non existing resourceDirectory /Users/glennlouarn/Documents/Ecole/Ingénieur/A2_IMT/microservice/test tp3/TP3-V2/src/main/resources
2021-01-11 15:20:37,730 [Worker-56: Building] WARN  o.e.m.c.i.embedder.EclipseLogger - Using platform encoding (UTF-8 actually) to copy filtered resources, i.e. build is platform dependent!
2021-01-11 15:20:37,730 [Worker-56: Building] INFO  o.e.m.c.i.embedder.EclipseLogger - skip non existing resourceDirectory /Users/glennlouarn/Documents/Ecole/Ingénieur/A2_IMT/microservice/test tp3/TP3-V2/src/test/resources
2021-01-11 15:33:48,036 [Worker-63: Building] WARN  o.e.m.c.i.embedder.EclipseLogger - Using platform encoding (UTF-8 actually) to copy filtered resources, i.e. build is platform dependent!
2021-01-11 15:33:48,037 [Worker-63: Building] INFO  o.e.m.c.i.embedder.EclipseLogger - skip non existing resourceDirectory /Users/glennlouarn/Documents/Ecole/Ingénieur/A2_IMT/microservice/test tp3/TP3-V2/src/main/resources
2021-01-11 15:33:48,038 [Worker-63: Building] WARN  o.e.m.c.i.embedder.EclipseLogger - Using platform encoding (UTF-8 actually) to copy filtered resources, i.e. build is platform dependent!
2021-01-11 15:33:48,038 [Worker-63: Building] INFO  o.e.m.c.i.embedder.EclipseLogger - skip non existing resourceDirectory /Users/glennlouarn/Documents/Ecole/Ingénieur/A2_IMT/microservice/test tp3/TP3-V2/src/test/resources
2021-01-11 15:41:23,662 [Worker-68: Building] WARN  o.e.m.c.i.embedder.EclipseLogger - Using platform encoding (UTF-8 actually) to copy filtered resources, i.e. build is platform dependent!
2021-01-11 15:41:23,663 [Worker-68: Building] INFO  o.e.m.c.i.embedder.EclipseLogger - skip non existing resourceDirectory /Users/glennlouarn/Documents/Ecole/Ingénieur/A2_IMT/microservice/test tp3/TP3-V2/src/main/resources
2021-01-11 15:41:23,664 [Worker-68: Building] WARN  o.e.m.c.i.embedder.EclipseLogger - Using platform encoding (UTF-8 actually) to copy filtered resources, i.e. build is platform dependent!
2021-01-11 15:41:23,664 [Worker-68: Building] INFO  o.e.m.c.i.embedder.EclipseLogger - skip non existing resourceDirectory /Users/glennlouarn/Documents/Ecole/Ingénieur/A2_IMT/microservice/test tp3/TP3-V2/src/test/resources
2021-01-11 15:42:11,104 [Worker-72: Building] WARN  o.e.m.c.i.embedder.EclipseLogger - Using platform encoding (UTF-8 actually) to copy filtered resources, i.e. build is platform dependent!
2021-01-11 15:42:11,105 [Worker-72: Building] INFO  o.e.m.c.i.embedder.EclipseLogger - skip non existing resourceDirectory /Users/glennlouarn/Documents/Ecole/Ingénieur/A2_IMT/microservice/test tp3/TP3-V2/src/main/resources
2021-01-11 15:42:11,107 [Worker-72: Building] WARN  o.e.m.c.i.embedder.EclipseLogger - Using platform encoding (UTF-8 actually) to copy filtered resources, i.e. build is platform dependent!
2021-01-11 15:42:11,107 [Worker-72: Building] INFO  o.e.m.c.i.embedder.EclipseLogger - skip non existing resourceDirectory /Users/glennlouarn/Documents/Ecole/Ingénieur/A2_IMT/microservice/test tp3/TP3-V2/src/test/resources
2021-01-11 15:50:42,180 [Worker-72: Building] WARN  o.e.m.c.i.embedder.EclipseLogger - Using platform encoding (UTF-8 actually) to copy filtered resources, i.e. build is platform dependent!
2021-01-11 15:50:42,180 [Worker-72: Building] INFO  o.e.m.c.i.embedder.EclipseLogger - skip non existing resourceDirectory /Users/glennlouarn/Documents/Ecole/Ingénieur/A2_IMT/microservice/test tp3/TP3-V2/src/main/resources
2021-01-11 15:50:42,181 [Worker-72: Building] WARN  o.e.m.c.i.embedder.EclipseLogger - Using platform encoding (UTF-8 actually) to copy filtered resources, i.e. build is platform dependent!
2021-01-11 15:50:42,182 [Worker-72: Building] INFO  o.e.m.c.i.embedder.EclipseLogger - skip non existing resourceDirectory /Users/glennlouarn/Documents/Ecole/Ingénieur/A2_IMT/microservice/test tp3/TP3-V2/src/test/resources
2021-01-11 15:51:09,887 [Worker-68: Building] WARN  o.e.m.c.i.embedder.EclipseLogger - Using platform encoding (UTF-8 actually) to copy filtered resources, i.e. build is platform dependent!
2021-01-11 15:51:09,888 [Worker-68: Building] INFO  o.e.m.c.i.embedder.EclipseLogger - skip non existing resourceDirectory /Users/glennlouarn/Documents/Ecole/Ingénieur/A2_IMT/microservice/test tp3/TP3-V2/src/main/resources
2021-01-11 15:51:09,889 [Worker-68: Building] WARN  o.e.m.c.i.embedder.EclipseLogger - Using platform encoding (UTF-8 actually) to copy filtered resources, i.e. build is platform dependent!
2021-01-11 15:51:09,890 [Worker-68: Building] INFO  o.e.m.c.i.embedder.EclipseLogger - skip non existing resourceDirectory /Users/glennlouarn/Documents/Ecole/Ingénieur/A2_IMT/microservice/test tp3/TP3-V2/src/test/resources
2021-01-11 15:51:33,396 [Worker-73: Building] WARN  o.e.m.c.i.embedder.EclipseLogger - Using platform encoding (UTF-8 actually) to copy filtered resources, i.e. build is platform dependent!
2021-01-11 15:51:33,396 [Worker-73: Building] INFO  o.e.m.c.i.embedder.EclipseLogger - skip non existing resourceDirectory /Users/glennlouarn/Documents/Ecole/Ingénieur/A2_IMT/microservice/test tp3/TP3-V2/src/main/resources
2021-01-11 15:51:33,397 [Worker-73: Building] WARN  o.e.m.c.i.embedder.EclipseLogger - Using platform encoding (UTF-8 actually) to copy filtered resources, i.e. build is platform dependent!
2021-01-11 15:51:33,398 [Worker-73: Building] INFO  o.e.m.c.i.embedder.EclipseLogger - skip non existing resourceDirectory /Users/glennlouarn/Documents/Ecole/Ingénieur/A2_IMT/microservice/test tp3/TP3-V2/src/test/resources
2021-01-11 15:52:05,300 [Worker-72: Building] WARN  o.e.m.c.i.embedder.EclipseLogger - Using platform encoding (UTF-8 actually) to copy filtered resources, i.e. build is platform dependent!
2021-01-11 15:52:05,301 [Worker-72: Building] INFO  o.e.m.c.i.embedder.EclipseLogger - skip non existing resourceDirectory /Users/glennlouarn/Documents/Ecole/Ingénieur/A2_IMT/microservice/test tp3/TP3-V2/src/main/resources
2021-01-11 15:52:05,302 [Worker-72: Building] WARN  o.e.m.c.i.embedder.EclipseLogger - Using platform encoding (UTF-8 actually) to copy filtered resources, i.e. build is platform dependent!
2021-01-11 15:52:05,302 [Worker-72: Building] INFO  o.e.m.c.i.embedder.EclipseLogger - skip non existing resourceDirectory /Users/glennlouarn/Documents/Ecole/Ingénieur/A2_IMT/microservice/test tp3/TP3-V2/src/test/resources
2021-01-11 15:53:51,563 [Worker-73: Building] WARN  o.e.m.c.i.embedder.EclipseLogger - Using platform encoding (UTF-8 actually) to copy filtered resources, i.e. build is platform dependent!
2021-01-11 15:53:51,564 [Worker-73: Building] INFO  o.e.m.c.i.embedder.EclipseLogger - skip non existing resourceDirectory /Users/glennlouarn/Documents/Ecole/Ingénieur/A2_IMT/microservice/test tp3/TP3-V2/src/main/resources
2021-01-11 15:53:51,565 [Worker-73: Building] WARN  o.e.m.c.i.embedder.EclipseLogger - Using platform encoding (UTF-8 actually) to copy filtered resources, i.e. build is platform dependent!
2021-01-11 15:53:51,565 [Worker-73: Building] INFO  o.e.m.c.i.embedder.EclipseLogger - skip non existing resourceDirectory /Users/glennlouarn/Documents/Ecole/Ingénieur/A2_IMT/microservice/test tp3/TP3-V2/src/test/resources
2021-01-11 16:04:00,311 [Worker-78: Building] WARN  o.e.m.c.i.embedder.EclipseLogger - Using platform encoding (UTF-8 actually) to copy filtered resources, i.e. build is platform dependent!
2021-01-11 16:04:00,313 [Worker-78: Building] INFO  o.e.m.c.i.embedder.EclipseLogger - skip non existing resourceDirectory /Users/glennlouarn/Documents/Ecole/Ingénieur/A2_IMT/microservice/test tp3/TP3-V2/src/main/resources
2021-01-11 16:04:00,313 [Worker-78: Building] WARN  o.e.m.c.i.embedder.EclipseLogger - Using platform encoding (UTF-8 actually) to copy filtered resources, i.e. build is platform dependent!
2021-01-11 16:04:00,314 [Worker-78: Building] INFO  o.e.m.c.i.embedder.EclipseLogger - skip non existing resourceDirectory /Users/glennlouarn/Documents/Ecole/Ingénieur/A2_IMT/microservice/test tp3/TP3-V2/src/test/resources
2021-01-11 16:18:37,939 [Worker-77: Building] WARN  o.e.m.c.i.embedder.EclipseLogger - Using platform encoding (UTF-8 actually) to copy filtered resources, i.e. build is platform dependent!
2021-01-11 16:18:37,940 [Worker-77: Building] INFO  o.e.m.c.i.embedder.EclipseLogger - skip non existing resourceDirectory /Users/glennlouarn/Documents/Ecole/Ingénieur/A2_IMT/microservice/test tp3/TP3-V2/src/main/resources
2021-01-11 16:18:37,942 [Worker-77: Building] WARN  o.e.m.c.i.embedder.EclipseLogger - Using platform encoding (UTF-8 actually) to copy filtered resources, i.e. build is platform dependent!
2021-01-11 16:18:37,942 [Worker-77: Building] INFO  o.e.m.c.i.embedder.EclipseLogger - skip non existing resourceDirectory /Users/glennlouarn/Documents/Ecole/Ingénieur/A2_IMT/microservice/test tp3/TP3-V2/src/test/resources
2021-01-11 16:19:12,172 [Worker-75: Building] WARN  o.e.m.c.i.embedder.EclipseLogger - Using platform encoding (UTF-8 actually) to copy filtered resources, i.e. build is platform dependent!
2021-01-11 16:19:12,172 [Worker-75: Building] INFO  o.e.m.c.i.embedder.EclipseLogger - skip non existing resourceDirectory /Users/glennlouarn/Documents/Ecole/Ingénieur/A2_IMT/microservice/test tp3/TP3-V2/src/main/resources
2021-01-11 16:19:12,173 [Worker-75: Building] WARN  o.e.m.c.i.embedder.EclipseLogger - Using platform encoding (UTF-8 actually) to copy filtered resources, i.e. build is platform dependent!
2021-01-11 16:19:12,173 [Worker-75: Building] INFO  o.e.m.c.i.embedder.EclipseLogger - skip non existing resourceDirectory /Users/glennlouarn/Documents/Ecole/Ingénieur/A2_IMT/microservice/test tp3/TP3-V2/src/test/resources
2021-01-11 16:19:16,923 [Worker-81: Building] WARN  o.e.m.c.i.embedder.EclipseLogger - Using platform encoding (UTF-8 actually) to copy filtered resources, i.e. build is platform dependent!
2021-01-11 16:19:16,924 [Worker-81: Building] INFO  o.e.m.c.i.embedder.EclipseLogger - skip non existing resourceDirectory /Users/glennlouarn/Documents/Ecole/Ingénieur/A2_IMT/microservice/test tp3/TP3-V2/src/main/resources
2021-01-11 16:19:16,925 [Worker-81: Building] WARN  o.e.m.c.i.embedder.EclipseLogger - Using platform encoding (UTF-8 actually) to copy filtered resources, i.e. build is platform dependent!
2021-01-11 16:19:16,925 [Worker-81: Building] INFO  o.e.m.c.i.embedder.EclipseLogger - skip non existing resourceDirectory /Users/glennlouarn/Documents/Ecole/Ingénieur/A2_IMT/microservice/test tp3/TP3-V2/src/test/resources
2021-01-11 16:19:39,802 [Worker-84: Building] WARN  o.e.m.c.i.embedder.EclipseLogger - Using platform encoding (UTF-8 actually) to copy filtered resources, i.e. build is platform dependent!
2021-01-11 16:19:39,803 [Worker-84: Building] INFO  o.e.m.c.i.embedder.EclipseLogger - skip non existing resourceDirectory /Users/glennlouarn/Documents/Ecole/Ingénieur/A2_IMT/microservice/test tp3/TP3-V2/src/main/resources
2021-01-11 16:19:39,804 [Worker-84: Building] WARN  o.e.m.c.i.embedder.EclipseLogger - Using platform encoding (UTF-8 actually) to copy filtered resources, i.e. build is platform dependent!
2021-01-11 16:19:39,804 [Worker-84: Building] INFO  o.e.m.c.i.embedder.EclipseLogger - skip non existing resourceDirectory /Users/glennlouarn/Documents/Ecole/Ingénieur/A2_IMT/microservice/test tp3/TP3-V2/src/test/resources
2021-01-11 16:23:09,554 [Worker-85: Building] WARN  o.e.m.c.i.embedder.EclipseLogger - Using platform encoding (UTF-8 actually) to copy filtered resources, i.e. build is platform dependent!
2021-01-11 16:23:09,555 [Worker-85: Building] INFO  o.e.m.c.i.embedder.EclipseLogger - skip non existing resourceDirectory /Users/glennlouarn/Documents/Ecole/Ingénieur/A2_IMT/microservice/test tp3/TP3-V2/src/main/resources
2021-01-11 16:23:09,557 [Worker-85: Building] WARN  o.e.m.c.i.embedder.EclipseLogger - Using platform encoding (UTF-8 actually) to copy filtered resources, i.e. build is platform dependent!
2021-01-11 16:23:09,557 [Worker-85: Building] INFO  o.e.m.c.i.embedder.EclipseLogger - skip non existing resourceDirectory /Users/glennlouarn/Documents/Ecole/Ingénieur/A2_IMT/microservice/test tp3/TP3-V2/src/test/resources
2021-01-11 16:24:10,365 [Worker-81: Building] WARN  o.e.m.c.i.embedder.EclipseLogger - Using platform encoding (UTF-8 actually) to copy filtered resources, i.e. build is platform dependent!
2021-01-11 16:24:10,366 [Worker-81: Building] INFO  o.e.m.c.i.embedder.EclipseLogger - skip non existing resourceDirectory /Users/glennlouarn/Documents/Ecole/Ingénieur/A2_IMT/microservice/test tp3/TP3-V2/src/main/resources
2021-01-11 16:24:10,366 [Worker-81: Building] WARN  o.e.m.c.i.embedder.EclipseLogger - Using platform encoding (UTF-8 actually) to copy filtered resources, i.e. build is platform dependent!
2021-01-11 16:24:10,367 [Worker-81: Building] INFO  o.e.m.c.i.embedder.EclipseLogger - skip non existing resourceDirectory /Users/glennlouarn/Documents/Ecole/Ingénieur/A2_IMT/microservice/test tp3/TP3-V2/src/test/resources
2021-01-11 16:26:10,896 [Worker-86: Building] WARN  o.e.m.c.i.embedder.EclipseLogger - Using platform encoding (UTF-8 actually) to copy filtered resources, i.e. build is platform dependent!
2021-01-11 16:26:10,897 [Worker-86: Building] INFO  o.e.m.c.i.embedder.EclipseLogger - skip non existing resourceDirectory /Users/glennlouarn/Documents/Ecole/Ingénieur/A2_IMT/microservice/test tp3/TP3-V2/src/main/resources
2021-01-11 16:26:10,897 [Worker-86: Building] WARN  o.e.m.c.i.embedder.EclipseLogger - Using platform encoding (UTF-8 actually) to copy filtered resources, i.e. build is platform dependent!
2021-01-11 16:26:10,898 [Worker-86: Building] INFO  o.e.m.c.i.embedder.EclipseLogger - skip non existing resourceDirectory /Users/glennlouarn/Documents/Ecole/Ingénieur/A2_IMT/microservice/test tp3/TP3-V2/src/test/resources
2021-01-11 16:27:03,144 [Worker-88: Building] WARN  o.e.m.c.i.embedder.EclipseLogger - Using platform encoding (UTF-8 actually) to copy filtered resources, i.e. build is platform dependent!
2021-01-11 16:27:03,145 [Worker-88: Building] INFO  o.e.m.c.i.embedder.EclipseLogger - skip non existing resourceDirectory /Users/glennlouarn/Documents/Ecole/Ingénieur/A2_IMT/microservice/test tp3/TP3-V2/src/main/resources
2021-01-11 16:27:03,146 [Worker-88: Building] WARN  o.e.m.c.i.embedder.EclipseLogger - Using platform encoding (UTF-8 actually) to copy filtered resources, i.e. build is platform dependent!
2021-01-11 16:27:03,146 [Worker-88: Building] INFO  o.e.m.c.i.embedder.EclipseLogger - skip non existing resourceDirectory /Users/glennlouarn/Documents/Ecole/Ingénieur/A2_IMT/microservice/test tp3/TP3-V2/src/test/resources
2021-01-11 16:28:08,212 [Worker-86: Building] WARN  o.e.m.c.i.embedder.EclipseLogger - Using platform encoding (UTF-8 actually) to copy filtered resources, i.e. build is platform dependent!
2021-01-11 16:28:08,213 [Worker-86: Building] INFO  o.e.m.c.i.embedder.EclipseLogger - skip non existing resourceDirectory /Users/glennlouarn/Documents/Ecole/Ingénieur/A2_IMT/microservice/test tp3/TP3-V2/src/main/resources
2021-01-11 16:28:08,215 [Worker-86: Building] WARN  o.e.m.c.i.embedder.EclipseLogger - Using platform encoding (UTF-8 actually) to copy filtered resources, i.e. build is platform dependent!
2021-01-11 16:28:08,215 [Worker-86: Building] INFO  o.e.m.c.i.embedder.EclipseLogger - skip non existing resourceDirectory /Users/glennlouarn/Documents/Ecole/Ingénieur/A2_IMT/microservice/test tp3/TP3-V2/src/test/resources
2021-01-11 16:28:22,461 [Worker-75: Building] WARN  o.e.m.c.i.embedder.EclipseLogger - Using platform encoding (UTF-8 actually) to copy filtered resources, i.e. build is platform dependent!
2021-01-11 16:28:22,462 [Worker-75: Building] INFO  o.e.m.c.i.embedder.EclipseLogger - skip non existing resourceDirectory /Users/glennlouarn/Documents/Ecole/Ingénieur/A2_IMT/microservice/test tp3/TP3-V2/src/main/resources
2021-01-11 16:28:22,463 [Worker-75: Building] WARN  o.e.m.c.i.embedder.EclipseLogger - Using platform encoding (UTF-8 actually) to copy filtered resources, i.e. build is platform dependent!
2021-01-11 16:28:22,464 [Worker-75: Building] INFO  o.e.m.c.i.embedder.EclipseLogger - skip non existing resourceDirectory /Users/glennlouarn/Documents/Ecole/Ingénieur/A2_IMT/microservice/test tp3/TP3-V2/src/test/resources
2021-01-11 16:28:32,644 [Worker-87: Building] WARN  o.e.m.c.i.embedder.EclipseLogger - Using platform encoding (UTF-8 actually) to copy filtered resources, i.e. build is platform dependent!
2021-01-11 16:28:32,645 [Worker-87: Building] INFO  o.e.m.c.i.embedder.EclipseLogger - skip non existing resourceDirectory /Users/glennlouarn/Documents/Ecole/Ingénieur/A2_IMT/microservice/test tp3/TP3-V2/src/main/resources
2021-01-11 16:28:32,647 [Worker-87: Building] WARN  o.e.m.c.i.embedder.EclipseLogger - Using platform encoding (UTF-8 actually) to copy filtered resources, i.e. build is platform dependent!
2021-01-11 16:28:32,647 [Worker-87: Building] INFO  o.e.m.c.i.embedder.EclipseLogger - skip non existing resourceDirectory /Users/glennlouarn/Documents/Ecole/Ingénieur/A2_IMT/microservice/test tp3/TP3-V2/src/test/resources
2021-01-11 16:28:45,393 [Worker-87: Building] WARN  o.e.m.c.i.embedder.EclipseLogger - Using platform encoding (UTF-8 actually) to copy filtered resources, i.e. build is platform dependent!
2021-01-11 16:28:45,393 [Worker-87: Building] INFO  o.e.m.c.i.embedder.EclipseLogger - skip non existing resourceDirectory /Users/glennlouarn/Documents/Ecole/Ingénieur/A2_IMT/microservice/test tp3/TP3-V2/src/main/resources
2021-01-11 16:28:45,394 [Worker-87: Building] WARN  o.e.m.c.i.embedder.EclipseLogger - Using platform encoding (UTF-8 actually) to copy filtered resources, i.e. build is platform dependent!
2021-01-11 16:28:45,394 [Worker-87: Building] INFO  o.e.m.c.i.embedder.EclipseLogger - skip non existing resourceDirectory /Users/glennlouarn/Documents/Ecole/Ingénieur/A2_IMT/microservice/test tp3/TP3-V2/src/test/resources
2021-01-11 16:29:51,903 [Worker-86: Building] WARN  o.e.m.c.i.embedder.EclipseLogger - Using platform encoding (UTF-8 actually) to copy filtered resources, i.e. build is platform dependent!
2021-01-11 16:29:51,904 [Worker-86: Building] INFO  o.e.m.c.i.embedder.EclipseLogger - skip non existing resourceDirectory /Users/glennlouarn/Documents/Ecole/Ingénieur/A2_IMT/microservice/test tp3/TP3-V2/src/main/resources
2021-01-11 16:29:51,905 [Worker-86: Building] WARN  o.e.m.c.i.embedder.EclipseLogger - Using platform encoding (UTF-8 actually) to copy filtered resources, i.e. build is platform dependent!
2021-01-11 16:29:51,905 [Worker-86: Building] INFO  o.e.m.c.i.embedder.EclipseLogger - skip non existing resourceDirectory /Users/glennlouarn/Documents/Ecole/Ingénieur/A2_IMT/microservice/test tp3/TP3-V2/src/test/resources
2021-01-11 16:29:56,132 [Worker-87: Building] WARN  o.e.m.c.i.embedder.EclipseLogger - Using platform encoding (UTF-8 actually) to copy filtered resources, i.e. build is platform dependent!
2021-01-11 16:29:56,133 [Worker-87: Building] INFO  o.e.m.c.i.embedder.EclipseLogger - skip non existing resourceDirectory /Users/glennlouarn/Documents/Ecole/Ingénieur/A2_IMT/microservice/test tp3/TP3-V2/src/main/resources
2021-01-11 16:29:56,133 [Worker-87: Building] WARN  o.e.m.c.i.embedder.EclipseLogger - Using platform encoding (UTF-8 actually) to copy filtered resources, i.e. build is platform dependent!
2021-01-11 16:29:56,134 [Worker-87: Building] INFO  o.e.m.c.i.embedder.EclipseLogger - skip non existing resourceDirectory /Users/glennlouarn/Documents/Ecole/Ingénieur/A2_IMT/microservice/test tp3/TP3-V2/src/test/resources
2021-01-11 16:30:01,314 [Worker-89: Building] WARN  o.e.m.c.i.embedder.EclipseLogger - Using platform encoding (UTF-8 actually) to copy filtered resources, i.e. build is platform dependent!
2021-01-11 16:30:01,315 [Worker-89: Building] INFO  o.e.m.c.i.embedder.EclipseLogger - skip non existing resourceDirectory /Users/glennlouarn/Documents/Ecole/Ingénieur/A2_IMT/microservice/test tp3/TP3-V2/src/main/resources
2021-01-11 16:30:01,315 [Worker-89: Building] WARN  o.e.m.c.i.embedder.EclipseLogger - Using platform encoding (UTF-8 actually) to copy filtered resources, i.e. build is platform dependent!
2021-01-11 16:30:01,316 [Worker-89: Building] INFO  o.e.m.c.i.embedder.EclipseLogger - skip non existing resourceDirectory /Users/glennlouarn/Documents/Ecole/Ingénieur/A2_IMT/microservice/test tp3/TP3-V2/src/test/resources
2021-01-11 16:30:06,296 [Worker-75: Building] WARN  o.e.m.c.i.embedder.EclipseLogger - Using platform encoding (UTF-8 actually) to copy filtered resources, i.e. build is platform dependent!
2021-01-11 16:30:06,297 [Worker-75: Building] INFO  o.e.m.c.i.embedder.EclipseLogger - skip non existing resourceDirectory /Users/glennlouarn/Documents/Ecole/Ingénieur/A2_IMT/microservice/test tp3/TP3-V2/src/main/resources
2021-01-11 16:30:06,298 [Worker-75: Building] WARN  o.e.m.c.i.embedder.EclipseLogger - Using platform encoding (UTF-8 actually) to copy filtered resources, i.e. build is platform dependent!
2021-01-11 16:30:06,298 [Worker-75: Building] INFO  o.e.m.c.i.embedder.EclipseLogger - skip non existing resourceDirectory /Users/glennlouarn/Documents/Ecole/Ingénieur/A2_IMT/microservice/test tp3/TP3-V2/src/test/resources
2021-01-11 16:30:12,888 [Worker-88: Building] WARN  o.e.m.c.i.embedder.EclipseLogger - Using platform encoding (UTF-8 actually) to copy filtered resources, i.e. build is platform dependent!
2021-01-11 16:30:12,889 [Worker-88: Building] INFO  o.e.m.c.i.embedder.EclipseLogger - skip non existing resourceDirectory /Users/glennlouarn/Documents/Ecole/Ingénieur/A2_IMT/microservice/test tp3/TP3-V2/src/main/resources
2021-01-11 16:30:12,890 [Worker-88: Building] WARN  o.e.m.c.i.embedder.EclipseLogger - Using platform encoding (UTF-8 actually) to copy filtered resources, i.e. build is platform dependent!
2021-01-11 16:30:12,890 [Worker-88: Building] INFO  o.e.m.c.i.embedder.EclipseLogger - skip non existing resourceDirectory /Users/glennlouarn/Documents/Ecole/Ingénieur/A2_IMT/microservice/test tp3/TP3-V2/src/test/resources
2021-01-11 16:31:41,180 [Worker-89: Building] WARN  o.e.m.c.i.embedder.EclipseLogger - Using platform encoding (UTF-8 actually) to copy filtered resources, i.e. build is platform dependent!
2021-01-11 16:31:41,181 [Worker-89: Building] INFO  o.e.m.c.i.embedder.EclipseLogger - skip non existing resourceDirectory /Users/glennlouarn/Documents/Ecole/Ingénieur/A2_IMT/microservice/test tp3/TP3-V2/src/main/resources
2021-01-11 16:31:41,181 [Worker-89: Building] WARN  o.e.m.c.i.embedder.EclipseLogger - Using platform encoding (UTF-8 actually) to copy filtered resources, i.e. build is platform dependent!
2021-01-11 16:31:41,182 [Worker-89: Building] INFO  o.e.m.c.i.embedder.EclipseLogger - skip non existing resourceDirectory /Users/glennlouarn/Documents/Ecole/Ingénieur/A2_IMT/microservice/test tp3/TP3-V2/src/test/resources
2021-01-11 16:32:17,508 [Worker-88: Building] WARN  o.e.m.c.i.embedder.EclipseLogger - Using platform encoding (UTF-8 actually) to copy filtered resources, i.e. build is platform dependent!
2021-01-11 16:32:17,508 [Worker-88: Building] INFO  o.e.m.c.i.embedder.EclipseLogger - skip non existing resourceDirectory /Users/glennlouarn/Documents/Ecole/Ingénieur/A2_IMT/microservice/test tp3/TP3-V2/src/main/resources
2021-01-11 16:32:17,509 [Worker-88: Building] WARN  o.e.m.c.i.embedder.EclipseLogger - Using platform encoding (UTF-8 actually) to copy filtered resources, i.e. build is platform dependent!
2021-01-11 16:32:17,510 [Worker-88: Building] INFO  o.e.m.c.i.embedder.EclipseLogger - skip non existing resourceDirectory /Users/glennlouarn/Documents/Ecole/Ingénieur/A2_IMT/microservice/test tp3/TP3-V2/src/test/resources
2021-01-11 16:32:50,174 [Worker-90: Building] WARN  o.e.m.c.i.embedder.EclipseLogger - Using platform encoding (UTF-8 actually) to copy filtered resources, i.e. build is platform dependent!
2021-01-11 16:32:50,175 [Worker-90: Building] INFO  o.e.m.c.i.embedder.EclipseLogger - skip non existing resourceDirectory /Users/glennlouarn/Documents/Ecole/Ingénieur/A2_IMT/microservice/test tp3/TP3-V2/src/main/resources
2021-01-11 16:32:50,176 [Worker-90: Building] WARN  o.e.m.c.i.embedder.EclipseLogger - Using platform encoding (UTF-8 actually) to copy filtered resources, i.e. build is platform dependent!
2021-01-11 16:32:50,176 [Worker-90: Building] INFO  o.e.m.c.i.embedder.EclipseLogger - skip non existing resourceDirectory /Users/glennlouarn/Documents/Ecole/Ingénieur/A2_IMT/microservice/test tp3/TP3-V2/src/test/resources
2021-01-11 16:32:55,992 [Worker-87: Building] WARN  o.e.m.c.i.embedder.EclipseLogger - Using platform encoding (UTF-8 actually) to copy filtered resources, i.e. build is platform dependent!
2021-01-11 16:32:55,993 [Worker-87: Building] INFO  o.e.m.c.i.embedder.EclipseLogger - skip non existing resourceDirectory /Users/glennlouarn/Documents/Ecole/Ingénieur/A2_IMT/microservice/test tp3/TP3-V2/src/main/resources
2021-01-11 16:32:55,994 [Worker-87: Building] WARN  o.e.m.c.i.embedder.EclipseLogger - Using platform encoding (UTF-8 actually) to copy filtered resources, i.e. build is platform dependent!
2021-01-11 16:32:55,994 [Worker-87: Building] INFO  o.e.m.c.i.embedder.EclipseLogger - skip non existing resourceDirectory /Users/glennlouarn/Documents/Ecole/Ingénieur/A2_IMT/microservice/test tp3/TP3-V2/src/test/resources
2021-01-11 16:33:00,858 [Worker-75: Building] WARN  o.e.m.c.i.embedder.EclipseLogger - Using platform encoding (UTF-8 actually) to copy filtered resources, i.e. build is platform dependent!
2021-01-11 16:33:00,858 [Worker-75: Building] INFO  o.e.m.c.i.embedder.EclipseLogger - skip non existing resourceDirectory /Users/glennlouarn/Documents/Ecole/Ingénieur/A2_IMT/microservice/test tp3/TP3-V2/src/main/resources
2021-01-11 16:33:00,859 [Worker-75: Building] WARN  o.e.m.c.i.embedder.EclipseLogger - Using platform encoding (UTF-8 actually) to copy filtered resources, i.e. build is platform dependent!
2021-01-11 16:33:00,859 [Worker-75: Building] INFO  o.e.m.c.i.embedder.EclipseLogger - skip non existing resourceDirectory /Users/glennlouarn/Documents/Ecole/Ingénieur/A2_IMT/microservice/test tp3/TP3-V2/src/test/resources
2021-01-11 16:34:16,531 [Worker-87: Building] WARN  o.e.m.c.i.embedder.EclipseLogger - Using platform encoding (UTF-8 actually) to copy filtered resources, i.e. build is platform dependent!
2021-01-11 16:34:16,532 [Worker-87: Building] INFO  o.e.m.c.i.embedder.EclipseLogger - skip non existing resourceDirectory /Users/glennlouarn/Documents/Ecole/Ingénieur/A2_IMT/microservice/test tp3/TP3-V2/src/main/resources
2021-01-11 16:34:16,533 [Worker-87: Building] WARN  o.e.m.c.i.embedder.EclipseLogger - Using platform encoding (UTF-8 actually) to copy filtered resources, i.e. build is platform dependent!
2021-01-11 16:34:16,534 [Worker-87: Building] INFO  o.e.m.c.i.embedder.EclipseLogger - skip non existing resourceDirectory /Users/glennlouarn/Documents/Ecole/Ingénieur/A2_IMT/microservice/test tp3/TP3-V2/src/test/resources
2021-01-11 16:56:44,983 [Worker-91: Building] WARN  o.e.m.c.i.embedder.EclipseLogger - Using platform encoding (UTF-8 actually) to copy filtered resources, i.e. build is platform dependent!
2021-01-11 16:56:44,984 [Worker-91: Building] INFO  o.e.m.c.i.embedder.EclipseLogger - skip non existing resourceDirectory /Users/glennlouarn/Documents/Ecole/Ingénieur/A2_IMT/microservice/test tp3/TP3-V2/src/main/resources
2021-01-11 16:56:44,984 [Worker-91: Building] WARN  o.e.m.c.i.embedder.EclipseLogger - Using platform encoding (UTF-8 actually) to copy filtered resources, i.e. build is platform dependent!
2021-01-11 16:56:44,985 [Worker-91: Building] INFO  o.e.m.c.i.embedder.EclipseLogger - skip non existing resourceDirectory /Users/glennlouarn/Documents/Ecole/Ingénieur/A2_IMT/microservice/test tp3/TP3-V2/src/test/resources
2021-01-11 19:58:16,554 [Worker-120: Building] WARN  o.e.m.c.i.embedder.EclipseLogger - Using platform encoding (UTF-8 actually) to copy filtered resources, i.e. build is platform dependent!
2021-01-11 19:58:16,556 [Worker-120: Building] INFO  o.e.m.c.i.embedder.EclipseLogger - skip non existing resourceDirectory /Users/glennlouarn/Documents/Ecole/Ingénieur/A2_IMT/microservice/test tp3/TP3-V2/src/main/resources
2021-01-11 19:58:16,557 [Worker-120: Building] WARN  o.e.m.c.i.embedder.EclipseLogger - Using platform encoding (UTF-8 actually) to copy filtered resources, i.e. build is platform dependent!
2021-01-11 19:58:16,557 [Worker-120: Building] INFO  o.e.m.c.i.embedder.EclipseLogger - skip non existing resourceDirectory /Users/glennlouarn/Documents/Ecole/Ingénieur/A2_IMT/microservice/test tp3/TP3-V2/src/test/resources
2021-01-24 18:52:50,196 [Worker-7: Loading available Gradle versions] INFO  o.e.b.c.i.u.g.PublishedGradleVersions - Gradle version information cache is out-of-date. Trying to update.
2021-01-24 19:27:10,781 [Worker-34: Building] WARN  o.e.m.c.i.embedder.EclipseLogger - Using platform encoding (UTF-8 actually) to copy filtered resources, i.e. build is platform dependent!
2021-01-24 19:27:10,783 [Worker-34: Building] INFO  o.e.m.c.i.embedder.EclipseLogger - skip non existing resourceDirectory /Users/glennlouarn/Documents/Ecole/Ingénieur/A2_IMT/microservice/test tp3/TP3-V2/src/main/resources
2021-01-24 19:27:10,785 [Worker-34: Building] WARN  o.e.m.c.i.embedder.EclipseLogger - Using platform encoding (UTF-8 actually) to copy filtered resources, i.e. build is platform dependent!
2021-01-24 19:27:10,785 [Worker-34: Building] INFO  o.e.m.c.i.embedder.EclipseLogger - skip non existing resourceDirectory /Users/glennlouarn/Documents/Ecole/Ingénieur/A2_IMT/microservice/test tp3/TP3-V2/src/test/resources
2021-01-24 19:27:12,389 [Worker-33: Building] WARN  o.e.m.c.i.embedder.EclipseLogger - Using platform encoding (UTF-8 actually) to copy filtered resources, i.e. build is platform dependent!
2021-01-24 19:27:12,390 [Worker-33: Building] INFO  o.e.m.c.i.embedder.EclipseLogger - skip non existing resourceDirectory /Users/glennlouarn/Documents/Ecole/Ingénieur/A2_IMT/microservice/test tp3/TP3-V2/src/main/resources
2021-01-24 19:27:12,391 [Worker-33: Building] WARN  o.e.m.c.i.embedder.EclipseLogger - Using platform encoding (UTF-8 actually) to copy filtered resources, i.e. build is platform dependent!
2021-01-24 19:27:12,391 [Worker-33: Building] INFO  o.e.m.c.i.embedder.EclipseLogger - skip non existing resourceDirectory /Users/glennlouarn/Documents/Ecole/Ingénieur/A2_IMT/microservice/test tp3/TP3-V2/src/test/resources
2021-01-25 14:05:28,522 [Worker-104: Building] WARN  o.e.m.c.i.embedder.EclipseLogger - Using platform encoding (UTF-8 actually) to copy filtered resources, i.e. build is platform dependent!
2021-01-25 14:05:28,541 [Worker-104: Building] INFO  o.e.m.c.i.embedder.EclipseLogger - skip non existing resourceDirectory /Users/glennlouarn/Documents/Ecole/Ingénieur/A2_IMT/microservice/test tp3/TP3-V2/src/main/resources
2021-01-25 14:05:28,544 [Worker-104: Building] WARN  o.e.m.c.i.embedder.EclipseLogger - Using platform encoding (UTF-8 actually) to copy filtered resources, i.e. build is platform dependent!
2021-01-25 14:05:28,545 [Worker-104: Building] INFO  o.e.m.c.i.embedder.EclipseLogger - skip non existing resourceDirectory /Users/glennlouarn/Documents/Ecole/Ingénieur/A2_IMT/microservice/test tp3/TP3-V2/src/test/resources
